Determining if the pthread_create exist failed with the following output:
Change Dir: /home/yungquant/hsdb/src/CMakeFiles/CMakeTmp

Run Build Command:"/usr/bin/make" "cmTC_fd9bf/fast"
/usr/bin/make -f CMakeFiles/cmTC_fd9bf.dir/build.make CMakeFiles/cmTC_fd9bf.dir/build
make[1]: Entering directory '/home/yungquant/hsdb/src/CMakeFiles/CMakeTmp'
Building C object CMakeFiles/cmTC_fd9bf.dir/CheckSymbolExists.c.o
/usr/bin/cc    -o CMakeFiles/cmTC_fd9bf.dir/CheckSymbolExists.c.o   -c /home/yungquant/hsdb/src/CMakeFiles/CMakeTmp/CheckSymbolExists.c
Linking C executable cmTC_fd9bf
/usr/bin/cmake -E cmake_link_script CMakeFiles/cmTC_fd9bf.dir/link.txt --verbose=1
/usr/bin/cc      CMakeFiles/cmTC_fd9bf.dir/CheckSymbolExists.c.o  -o cmTC_fd9bf 
CMakeFiles/cmTC_fd9bf.dir/CheckSymbolExists.c.o: In function `main':
CheckSymbolExists.c:(.text+0x1b): undefined reference to `pthread_create'
collect2: error: ld returned 1 exit status
CMakeFiles/cmTC_fd9bf.dir/build.make:97: recipe for target 'cmTC_fd9bf' failed
make[1]: *** [cmTC_fd9bf] Error 1
make[1]: Leaving directory '/home/yungquant/hsdb/src/CMakeFiles/CMakeTmp'
Makefile:126: recipe for target 'cmTC_fd9bf/fast' failed
make: *** [cmTC_fd9bf/fast] Error 2

File /home/yungquant/hsdb/src/CMakeFiles/CMakeTmp/CheckSymbolExists.c:
/* */
#include <pthread.h>

int main(int argc, char** argv)
{
  (void)argv;
#ifndef pthread_create
  return ((int*)(&pthread_create))[argc];
#else
  (void)argc;
  return 0;
#endif
}

Determining if the function pthread_create exists in the pthreads failed with the following output:
Change Dir: /home/yungquant/hsdb/src/CMakeFiles/CMakeTmp

Run Build Command:"/usr/bin/make" "cmTC_5563a/fast"
/usr/bin/make -f CMakeFiles/cmTC_5563a.dir/build.make CMakeFiles/cmTC_5563a.dir/build
make[1]: Entering directory '/home/yungquant/hsdb/src/CMakeFiles/CMakeTmp'
Building C object CMakeFiles/cmTC_5563a.dir/CheckFunctionExists.c.o
/usr/bin/cc   -DCHECK_FUNCTION_EXISTS=pthread_create   -o CMakeFiles/cmTC_5563a.dir/CheckFunctionExists.c.o   -c /usr/share/cmake-3.10/Modules/CheckFunctionExists.c
Linking C executable cmTC_5563a
/usr/bin/cmake -E cmake_link_script CMakeFiles/cmTC_5563a.dir/link.txt --verbose=1
/usr/bin/cc  -DCHECK_FUNCTION_EXISTS=pthread_create    CMakeFiles/cmTC_5563a.dir/CheckFunctionExists.c.o  -o cmTC_5563a -lpthreads 
/usr/bin/ld: cannot find -lpthreads
collect2: error: ld returned 1 exit status
CMakeFiles/cmTC_5563a.dir/build.make:97: recipe for target 'cmTC_5563a' failed
make[1]: *** [cmTC_5563a] Error 1
make[1]: Leaving directory '/home/yungquant/hsdb/src/CMakeFiles/CMakeTmp'
Makefile:126: recipe for target 'cmTC_5563a/fast' failed
make: *** [cmTC_5563a/fast] Error 2


