Determining if the pthread_create exist failed with the following output:
Change Dir: /home/yungquant/hsdb/Simple-WebSocket-Server/cmake-build-debug/CMakeFiles/CMakeTmp

Run Build Command:"/usr/bin/make" "cmTC_0e776/fast"
/usr/bin/make -f CMakeFiles/cmTC_0e776.dir/build.make CMakeFiles/cmTC_0e776.dir/build
make[1]: Entering directory '/home/yungquant/hsdb/Simple-WebSocket-Server/cmake-build-debug/CMakeFiles/CMakeTmp'
Building C object CMakeFiles/cmTC_0e776.dir/CheckSymbolExists.c.o
/usr/bin/cc    -o CMakeFiles/cmTC_0e776.dir/CheckSymbolExists.c.o   -c /home/yungquant/hsdb/Simple-WebSocket-Server/cmake-build-debug/CMakeFiles/CMakeTmp/CheckSymbolExists.c
Linking C executable cmTC_0e776
/home/yungquant/Documents/clion-2018.3.4/bin/cmake/linux/bin/cmake -E cmake_link_script CMakeFiles/cmTC_0e776.dir/link.txt --verbose=1
/usr/bin/cc      -rdynamic CMakeFiles/cmTC_0e776.dir/CheckSymbolExists.c.o  -o cmTC_0e776 
CMakeFiles/cmTC_0e776.dir/CheckSymbolExists.c.o: In function `main':
CheckSymbolExists.c:(.text+0x1b): undefined reference to `pthread_create'
collect2: error: ld returned 1 exit status
CMakeFiles/cmTC_0e776.dir/build.make:86: recipe for target 'cmTC_0e776' failed
make[1]: *** [cmTC_0e776] Error 1
make[1]: Leaving directory '/home/yungquant/hsdb/Simple-WebSocket-Server/cmake-build-debug/CMakeFiles/CMakeTmp'
Makefile:121: recipe for target 'cmTC_0e776/fast' failed
make: *** [cmTC_0e776/fast] Error 2

File /home/yungquant/hsdb/Simple-WebSocket-Server/cmake-build-debug/CMakeFiles/CMakeTmp/CheckSymbolExists.c:
/* */
#include <pthread.h>

int main(int argc, char** argv)
{
  (void)argv;
#ifndef pthread_create
  return ((int*)(&pthread_create))[argc];
#else
  (void)argc;
  return 0;
#endif
}

Determining if the function pthread_create exists in the pthreads failed with the following output:
Change Dir: /home/yungquant/hsdb/Simple-WebSocket-Server/cmake-build-debug/CMakeFiles/CMakeTmp

Run Build Command:"/usr/bin/make" "cmTC_88a94/fast"
/usr/bin/make -f CMakeFiles/cmTC_88a94.dir/build.make CMakeFiles/cmTC_88a94.dir/build
make[1]: Entering directory '/home/yungquant/hsdb/Simple-WebSocket-Server/cmake-build-debug/CMakeFiles/CMakeTmp'
Building C object CMakeFiles/cmTC_88a94.dir/CheckFunctionExists.c.o
/usr/bin/cc   -DCHECK_FUNCTION_EXISTS=pthread_create   -o CMakeFiles/cmTC_88a94.dir/CheckFunctionExists.c.o   -c /home/yungquant/Documents/clion-2018.3.4/bin/cmake/linux/share/cmake-3.13/Modules/CheckFunctionExists.c
Linking C executable cmTC_88a94
/home/yungquant/Documents/clion-2018.3.4/bin/cmake/linux/bin/cmake -E cmake_link_script CMakeFiles/cmTC_88a94.dir/link.txt --verbose=1
/usr/bin/cc  -DCHECK_FUNCTION_EXISTS=pthread_create    -rdynamic CMakeFiles/cmTC_88a94.dir/CheckFunctionExists.c.o  -o cmTC_88a94 -lpthreads 
/usr/bin/ld: cannot find -lpthreads
collect2: error: ld returned 1 exit status
CMakeFiles/cmTC_88a94.dir/build.make:86: recipe for target 'cmTC_88a94' failed
make[1]: *** [cmTC_88a94] Error 1
make[1]: Leaving directory '/home/yungquant/hsdb/Simple-WebSocket-Server/cmake-build-debug/CMakeFiles/CMakeTmp'
Makefile:121: recipe for target 'cmTC_88a94/fast' failed
make: *** [cmTC_88a94/fast] Error 2


